<?xml version="1.0" encoding="UTF-8"?>
<!-- Generated by org.testng.reporters.JUnitXMLReporter -->
<testsuite hostname="HPDA0217" name="Default test" tests="5" failures="0" timestamp="27 Jun 2018 13:18:22 GMT" time="26.664" errors="0">
  <testcase name="login" time="7.969" classname="Keyword.TESTNG"/>
  <testcase name="login2" time="6.646" classname="Keyword.TESTNG"/>
  <testcase name="login3" time="2.325" classname="Keyword.TESTNG"/>
  <testcase name="login4" time="2.269" classname="Keyword.TESTNG"/>
  <testcase name="login5" time="2.926" classname="Keyword.TESTNG"/>
</testsuite> <!-- Default test -->
